Sun Apr 20 07:58:15 UTC 2025
Sun Apr 20 13:14:06 UTC 2025
Mon Apr 21 13:17:24 UTC 2025
Tue Apr 22 13:35:04 UTC 2025
Wed Apr 23 13:35:55 UTC 2025
Thu Apr 24 13:36:38 UTC 2025
Fri Apr 25 13:19:25 UTC 2025
Sat Apr 26 13:04:06 UTC 2025
Sun Apr 27 13:04:24 UTC 2025
Mon Apr 28 13:49:56 UTC 2025
Tue Apr 29 13:44:28 UTC 2025
Wed Apr 30 13:35:05 UTC 2025
Thu May  1 13:17:55 UTC 2025
Fri May  2 13:34:03 UTC 2025
Sat May  3 13:13:10 UTC 2025
Sun May  4 13:13:47 UTC 2025
Mon May  5 13:36:09 UTC 2025
Tue May  6 13:40:25 UTC 2025
Wed May  7 13:42:56 UTC 2025
Thu May  8 13:35:29 UTC 2025
Fri May  9 13:35:21 UTC 2025
Sat May 10 13:13:26 UTC 2025
Sun May 11 13:13:41 UTC 2025
Mon May 12 13:41:55 UTC 2025
